# JRE version: OpenJDK Runtime Environment (19.0+36) (build 19+36-2238)
# Java VM: OpenJDK 64-Bit Server VM (19+36-2238, mixed mode, emulated-client, sharing, tiered, compressed oops, compressed class ptrs, g1 gc, windows-amd64)
GC Precious Log:
 CardTable entry size: 512
 Card Set container configuration: InlinePtr #cards 5 size 8 Array Of Cards #cards 12 size 40 Howl #buckets 4 coarsen threshold 1843 Howl Bitmap #cards 512 size 80 coarsen threshold 460 Card regions per heap region 1 cards per card region 2048
 CPUs: 8 total, 8 available
 Memory: 8047M
 Large Page Support: Disabled
 NUMA Support: Disabled
 Compressed Oops: Enabled (32-bit)
 Heap Region Size: 1M
 Heap Min Capacity: 8M
 Heap Initial Capacity: 126M
 Heap Max Capacity: 2012M
 Pre-touch: Disabled
 Parallel Workers: 8
 Concurrent Workers: 2
 Concurrent Refinement Workers: 8
 Periodic GC: Disabled
Heap:
 garbage-first heap   total 129024K, used 27929K [0x0000000082400000, 0x0000000100000000)
  region size 1024K, 5 young (5120K), 5 survivors (5120K)
 Metaspace       used 56813K, committed 57600K, reserved 1114112K
  class space    used 7624K, committed 8000K, reserved 1048576K
GC Heap History (20 events):
Event: 5.562 GC heap after
{Heap after GC invocations=3 (full 0):
 garbage-first heap   total 129024K, used 14188K [0x0000000082400000, 0x0000000100000000)
  region size 1024K, 7 young (7168K), 7 survivors (7168K)
 Metaspace       used 21094K, committed 21504K, reserved 1114112K
  class space    used 2735K, committed 2944K, reserved 1048576K
}
Event: 6.416 GC heap before
{Heap before GC invocations=4 (full 0):
 garbage-first heap   total 55296K, used 39788K [0x0000000082400000, 0x0000000100000000)
  region size 1024K, 32 young (32768K), 7 survivors (7168K)
 Metaspace       used 25301K, committed 25728K, reserved 1114112K
  class space    used 3331K, committed 3520K, reserved 1048576K
}
Event: 6.443 GC heap after
{Heap after GC invocations=5 (full 0):
 garbage-first heap   total 55296K, used 17365K [0x0000000082400000, 0x0000000100000000)
  region size 1024K, 4 young (4096K), 4 survivors (4096K)
 Metaspace       used 25301K, committed 25728K, reserved 1114112K
  class space    used 3331K, committed 3520K, reserved 1048576K
}
Event: 6.459 GC heap before
{Heap before GC invocations=5 (full 0):
 garbage-first heap   total 55296K, used 18389K [0x0000000082400000, 0x0000000100000000)
  region size 1024K, 5 young (5120K), 4 survivors (4096K)
 Metaspace       used 25326K, committed 25856K, reserved 1114112K
  class space    used 3333K, committed 3584K, reserved 1048576K
}
Event: 6.470 GC heap after
{Heap after GC invocations=6 (full 0):
 garbage-first heap   total 55296K, used 17989K [0x0000000082400000, 0x0000000100000000)
  region size 1024K, 1 young (1024K), 1 survivors (1024K)
 Metaspace       used 25326K, committed 25856K, reserved 1114112K
  class space    used 3333K, committed 3584K, reserved 1048576K
}
Event: 7.031 GC heap before
{Heap before GC invocations=6 (full 0):
 garbage-first heap   total 55296K, used 36421K [0x0000000082400000, 0x0000000100000000)
  region size 1024K, 20 young (20480K), 1 survivors (1024K)
 Metaspace       used 29201K, committed 29760K, reserved 1114112K
  class space    used 3881K, committed 4160K, reserved 1048576K
}
Event: 7.039 GC heap after
{Heap after GC invocations=7 (full 0):
 garbage-first heap   total 55296K, used 18479K [0x0000000082400000, 0x0000000100000000)
  region size 1024K, 2 young (2048K), 2 survivors (2048K)
 Metaspace       used 29201K, committed 29760K, reserved 1114112K
  class space    used 3881K, committed 4160K, reserved 1048576K
}
Event: 7.790 GC heap before
{Heap before GC invocations=7 (full 0):
 garbage-first heap   total 55296K, used 38959K [0x0000000082400000, 0x0000000100000000)
  region size 1024K, 22 young (22528K), 2 survivors (2048K)
 Metaspace       used 35181K, committed 35776K, reserved 1114112K
  class space    used 4629K, committed 4928K, reserved 1048576K
}
Event: 7.801 GC heap after
{Heap after GC invocations=8 (full 0):
 garbage-first heap   total 110592K, used 19872K [0x0000000082400000, 0x0000000100000000)
  region size 1024K, 3 young (3072K), 3 survivors (3072K)
 Metaspace       used 35181K, committed 35776K, reserved 1114112K
  class space    used 4629K, committed 4928K, reserved 1048576K
}
Event: 7.854 GC heap before
{Heap before GC invocations=8 (full 0):
 garbage-first heap   total 110592K, used 20896K [0x0000000082400000, 0x0000000100000000)
  region size 1024K, 5 young (5120K), 3 survivors (3072K)
 Metaspace       used 35433K, committed 35968K, reserved 1114112K
  class space    used 4662K, committed 4928K, reserved 1048576K
}
Event: 7.865 GC heap after
{Heap after GC invocations=9 (full 0):
 garbage-first heap   total 110592K, used 20182K [0x0000000082400000, 0x0000000100000000)
  region size 1024K, 3 young (3072K), 3 survivors (3072K)
 Metaspace       used 35433K, committed 35968K, reserved 1114112K
  class space    used 4662K, committed 4928K, reserved 1048576K
}
Event: 9.241 GC heap before
{Heap before GC invocations=10 (full 0):
 garbage-first heap   total 71680K, used 59094K [0x0000000082400000, 0x0000000100000000)
  region size 1024K, 42 young (43008K), 3 survivors (3072K)
 Metaspace       used 43874K, committed 44544K, reserved 1114112K
  class space    used 5910K, committed 6208K, reserved 1048576K
}
Event: 9.261 GC heap after
{Heap after GC invocations=11 (full 0):
 garbage-first heap   total 71680K, used 22394K [0x0000000082400000, 0x0000000100000000)
  region size 1024K, 5 young (5120K), 5 survivors (5120K)
 Metaspace       used 43874K, committed 44544K, reserved 1114112K
  class space    used 5910K, committed 6208K, reserved 1048576K
}
Event: 9.278 GC heap before
{Heap before GC invocations=11 (full 0):
 garbage-first heap   total 71680K, used 23418K [0x0000000082400000, 0x0000000100000000)
  region size 1024K, 6 young (6144K), 5 survivors (5120K)
 Metaspace       used 44020K, committed 44672K, reserved 1114112K
  class space    used 5929K, committed 6208K, reserved 1048576K
}
Event: 9.293 GC heap after
{Heap after GC invocations=12 (full 0):
 garbage-first heap   total 71680K, used 22255K [0x0000000082400000, 0x0000000100000000)
  region size 1024K, 1 young (1024K), 1 survivors (1024K)
 Metaspace       used 44020K, committed 44672K, reserved 1114112K
  class space    used 5929K, committed 6208K, reserved 1048576K
}
Event: 10.404 GC heap before
{Heap before GC invocations=12 (full 0):
 garbage-first heap   total 71680K, used 53999K [0x0000000082400000, 0x0000000100000000)
  region size 1024K, 33 young (33792K), 1 survivors (1024K)
 Metaspace       used 48793K, committed 49472K, reserved 1114112K
  class space    used 6546K, committed 6848K, reserved 1048576K
}
Event: 10.408 GC heap after
{Heap after GC invocations=13 (full 0):
 garbage-first heap   total 71680K, used 23766K [0x0000000082400000, 0x0000000100000000)
  region size 1024K, 3 young (3072K), 3 survivors (3072K)
 Metaspace       used 48793K, committed 49472K, reserved 1114112K
  class space    used 6546K, committed 6848K, reserved 1048576K
}
Event: 11.052 GC heap before
{Heap before GC invocations=13 (full 0):
 garbage-first heap   total 71680K, used 55510K [0x0000000082400000, 0x0000000100000000)
  region size 1024K, 34 young (34816K), 3 survivors (3072K)
 Metaspace       used 51631K, committed 52224K, reserved 1114112K
  class space    used 6963K, committed 7232K, reserved 1048576K
}
Event: 11.058 GC heap after
{Heap after GC invocations=14 (full 0):
 garbage-first heap   total 71680K, used 26046K [0x0000000082400000, 0x0000000100000000)
  region size 1024K, 5 young (5120K), 5 survivors (5120K)
 Metaspace       used 51631K, committed 52224K, reserved 1114112K
  class space    used 6963K, committed 7232K, reserved 1048576K
}
Event: 253.373 GC heap before
{Heap before GC invocations=14 (full 0):
 garbage-first heap   total 71680K, used 54718K [0x0000000082400000, 0x0000000100000000)
  region size 1024K, 34 young (34816K), 5 survivors (5120K)
 Metaspace       used 56813K, committed 57600K, reserved 1114112K
  class space    used 7624K, committed 8000K, reserved 1048576K
}

